# JRE version: OpenJDK Runtime Environment (21.0.4) (build 21.0.4+-12508038-b607.1)
# Java VM: OpenJDK 64-Bit Server VM (21.0.4+-12508038-b607.1, mixed mode, tiered, compressed oops, compressed class ptrs, g1 gc, windows-amd64)
GC Precious Log:
 CardTable entry size: 512
 Card Set container configuration: InlinePtr #cards 5 size 8 Array Of Cards #cards 12 size 40 Howl #buckets 4 coarsen threshold 1843 Howl Bitmap #cards 512 size 80 coarsen threshold 460 Card regions per heap region 1 cards per card region 2048
 CPUs: 16 total, 16 available
 Memory: 16051M
 Large Page Support: Disabled
 NUMA Support: Disabled
 Compressed Oops: Enabled (32-bit)
 Heap Region Size: 1M
 Heap Min Capacity: 8M
 Heap Initial Capacity: 252M
 Heap Max Capacity: 2G
 Pre-touch: Disabled
 Parallel Workers: 13
 Concurrent Workers: 3
 Concurrent Refinement Workers: 13
 Periodic GC: Disabled
Heap:
 garbage-first heap   total 285696K, used 200510K [0x0000000080000000, 0x0000000100000000)
  region size 1024K, 12 young (12288K), 10 survivors (10240K)
 Metaspace       used 121296K, committed 123520K, reserved 1179648K
  class space    used 16280K, committed 17408K, reserved 1048576K
GC Heap History (20 events):
Event: 11.148 GC heap before
{Heap before GC invocations=32 (full 0):
 garbage-first heap   total 175104K, used 154336K [0x0000000080000000, 0x0000000100000000)
  region size 1024K, 64 young (65536K), 9 survivors (9216K)
 Metaspace       used 110686K, committed 112768K, reserved 1179648K
  class space    used 15127K, committed 16192K, reserved 1048576K
}
Event: 11.152 GC heap after
{Heap after GC invocations=33 (full 0):
 garbage-first heap   total 175104K, used 102700K [0x0000000080000000, 0x0000000100000000)
  region size 1024K, 5 young (5120K), 5 survivors (5120K)
 Metaspace       used 110686K, committed 112768K, reserved 1179648K
  class space    used 15127K, committed 16192K, reserved 1048576K
}
Event: 11.416 GC heap before
{Heap before GC invocations=33 (full 0):
 garbage-first heap   total 175104K, used 157996K [0x0000000080000000, 0x0000000100000000)
  region size 1024K, 60 young (61440K), 5 survivors (5120K)
 Metaspace       used 110956K, committed 113088K, reserved 1179648K
  class space    used 15185K, committed 16256K, reserved 1048576K
}
Event: 11.418 GC heap after
{Heap after GC invocations=34 (full 0):
 garbage-first heap   total 175104K, used 103506K [0x0000000080000000, 0x0000000100000000)
  region size 1024K, 6 young (6144K), 6 survivors (6144K)
 Metaspace       used 110956K, committed 113088K, reserved 1179648K
  class space    used 15185K, committed 16256K, reserved 1048576K
}
Event: 11.860 GC heap before
{Heap before GC invocations=35 (full 0):
 garbage-first heap   total 175104K, used 164946K [0x0000000080000000, 0x0000000100000000)
  region size 1024K, 59 young (60416K), 6 survivors (6144K)
 Metaspace       used 113925K, committed 116096K, reserved 1179648K
  class space    used 15467K, committed 16576K, reserved 1048576K
}
Event: 11.869 GC heap after
{Heap after GC invocations=36 (full 0):
 garbage-first heap   total 188416K, used 119265K [0x0000000080000000, 0x0000000100000000)
  region size 1024K, 8 young (8192K), 8 survivors (8192K)
 Metaspace       used 113925K, committed 116096K, reserved 1179648K
  class space    used 15467K, committed 16576K, reserved 1048576K
}
Event: 12.308 GC heap before
{Heap before GC invocations=36 (full 0):
 garbage-first heap   total 188416K, used 186849K [0x0000000080000000, 0x0000000100000000)
  region size 1024K, 50 young (51200K), 8 survivors (8192K)
 Metaspace       used 114898K, committed 116992K, reserved 1179648K
  class space    used 15576K, committed 16640K, reserved 1048576K
}
Event: 12.316 GC heap after
{Heap after GC invocations=37 (full 0):
 garbage-first heap   total 207872K, used 127124K [0x0000000080000000, 0x0000000100000000)
  region size 1024K, 7 young (7168K), 7 survivors (7168K)
 Metaspace       used 114898K, committed 116992K, reserved 1179648K
  class space    used 15576K, committed 16640K, reserved 1048576K
}
Event: 12.514 GC heap before
{Heap before GC invocations=37 (full 0):
 garbage-first heap   total 207872K, used 177300K [0x0000000080000000, 0x0000000100000000)
  region size 1024K, 57 young (58368K), 7 survivors (7168K)
 Metaspace       used 117211K, committed 119424K, reserved 1179648K
  class space    used 15817K, committed 16960K, reserved 1048576K
}
Event: 12.518 GC heap after
{Heap after GC invocations=38 (full 0):
 garbage-first heap   total 207872K, used 132930K [0x0000000080000000, 0x0000000100000000)
  region size 1024K, 5 young (5120K), 5 survivors (5120K)
 Metaspace       used 117211K, committed 119424K, reserved 1179648K
  class space    used 15817K, committed 16960K, reserved 1048576K
}
Event: 12.709 GC heap before
{Heap before GC invocations=39 (full 0):
 garbage-first heap   total 222208K, used 182082K [0x0000000080000000, 0x0000000100000000)
  region size 1024K, 54 young (55296K), 5 survivors (5120K)
 Metaspace       used 117300K, committed 119488K, reserved 1179648K
  class space    used 15829K, committed 16960K, reserved 1048576K
}
Event: 12.712 GC heap after
{Heap after GC invocations=40 (full 0):
 garbage-first heap   total 222208K, used 134462K [0x0000000080000000, 0x0000000100000000)
  region size 1024K, 5 young (5120K), 5 survivors (5120K)
 Metaspace       used 117300K, committed 119488K, reserved 1179648K
  class space    used 15829K, committed 16960K, reserved 1048576K
}
Event: 12.949 GC heap before
{Heap before GC invocations=40 (full 0):
 garbage-first heap   total 222208K, used 195902K [0x0000000080000000, 0x0000000100000000)
  region size 1024K, 66 young (67584K), 5 survivors (5120K)
 Metaspace       used 118015K, committed 120256K, reserved 1179648K
  class space    used 15900K, committed 17024K, reserved 1048576K
}
Event: 12.954 GC heap after
{Heap after GC invocations=41 (full 0):
 garbage-first heap   total 267264K, used 136654K [0x0000000080000000, 0x0000000100000000)
  region size 1024K, 9 young (9216K), 9 survivors (9216K)
 Metaspace       used 118015K, committed 120256K, reserved 1179648K
  class space    used 15900K, committed 17024K, reserved 1048576K
}
Event: 13.245 GC heap before
{Heap before GC invocations=41 (full 0):
 garbage-first heap   total 267264K, used 234958K [0x0000000080000000, 0x0000000100000000)
  region size 1024K, 106 young (108544K), 9 survivors (9216K)
 Metaspace       used 118653K, committed 120896K, reserved 1179648K
  class space    used 15970K, committed 17088K, reserved 1048576K
}
Event: 13.250 GC heap after
{Heap after GC invocations=42 (full 0):
 garbage-first heap   total 267264K, used 139923K [0x0000000080000000, 0x0000000100000000)
  region size 1024K, 10 young (10240K), 10 survivors (10240K)
 Metaspace       used 118653K, committed 120896K, reserved 1179648K
  class space    used 15970K, committed 17088K, reserved 1048576K
}
Event: 14.637 GC heap before
{Heap before GC invocations=42 (full 0):
 garbage-first heap   total 267264K, used 238227K [0x0000000080000000, 0x0000000100000000)
  region size 1024K, 107 young (109568K), 10 survivors (10240K)
 Metaspace       used 119264K, committed 121472K, reserved 1179648K
  class space    used 16024K, committed 17152K, reserved 1048576K
}
Event: 14.642 GC heap after
{Heap after GC invocations=43 (full 0):
 garbage-first heap   total 267264K, used 144710K [0x0000000080000000, 0x0000000100000000)
  region size 1024K, 10 young (10240K), 10 survivors (10240K)
 Metaspace       used 119264K, committed 121472K, reserved 1179648K
  class space    used 16024K, committed 17152K, reserved 1048576K
}
Event: 15.067 GC heap before
{Heap before GC invocations=43 (full 0):
 garbage-first heap   total 267264K, used 185670K [0x0000000080000000, 0x0000000100000000)
  region size 1024K, 52 young (53248K), 10 survivors (10240K)
 Metaspace       used 121161K, committed 123392K, reserved 1179648K
  class space    used 16260K, committed 17408K, reserved 1048576K
}
Event: 15.072 GC heap after
{Heap after GC invocations=44 (full 0):
 garbage-first heap   total 267264K, used 147262K [0x0000000080000000, 0x0000000100000000)
  region size 1024K, 10 young (10240K), 10 survivors (10240K)
 Metaspace       used 121161K, committed 123392K, reserved 1179648K
  class space    used 16260K, committed 17408K, reserved 1048576K
}

